<?xml version="1.0" encoding="UTF-8"?>
<!-- Generated by org.testng.reporters.JUnitReportReporter -->
<testsuite hostname="QSP" failures="0" tests="1" name="scripts.TakeCourse" time="59.677" errors="0" timestamp="2021-05-21T09:33:32 IST" skipped="0">
  <testcase classname="scripts.TakeCourse" name="takecourse" time="59.677"/>
</testsuite> <!-- scripts.TakeCourse -->
