<?xml version="1.0" encoding="UTF-8"?>
<!-- Generated by org.testng.reporters.JUnitReportReporter -->
<testsuite hostname="QSP" failures="0" tests="1" name="scripts.Addtocart" time="45.362" errors="0" timestamp="2021-05-21T09:33:32 IST" skipped="0">
  <testcase classname="scripts.Addtocart" name="addproduct" time="45.362"/>
</testsuite> <!-- scripts.Addtocart -->
