<?xml version="1.0" encoding="UTF-8"?>
<!-- Generated by org.testng.reporters.JUnitReportReporter -->
<testsuite hostname="QSP" failures="0" tests="1" name="scripts.ContactDetails" time="46.826" errors="0" timestamp="2021-05-21T09:33:32 IST" skipped="0">
  <testcase classname="scripts.ContactDetails" name="contatctus" time="46.826"/>
</testsuite> <!-- scripts.ContactDetails -->
